0 info it worked if it ends with ok
1 verbose cli [ '/Users/cindybutler05082014/.nvm/versions/node/v0.12.18/bin/node',
1 verbose cli   '/Users/cindybutler05082014/.nvm/versions/node/v0.12.18/bin/npm',
1 verbose cli   'run',
1 verbose cli   'fast-start' ]
2 info using npm@2.15.11
3 info using node@v0.12.18
4 verbose run-script [ 'prefast-start', 'fast-start', 'postfast-start' ]
5 info prefast-start create-react-redux-app-structure@4.0.0
6 info fast-start create-react-redux-app-structure@4.0.0
7 verbose unsafe-perm in lifecycle true
8 info create-react-redux-app-structure@4.0.0 Failed to exec fast-start script
9 verbose stack Error: create-react-redux-app-structure@4.0.0 fast-start: `yarn install && webpack --mode=development && gulp prod && run-p server open-localhost`
9 verbose stack Exit status 1
9 verbose stack     at EventEmitter.<anonymous> (/Users/cindybutler05082014/.nvm/versions/node/v0.12.18/lib/node_modules/npm/lib/utils/lifecycle.js:217:16)
9 verbose stack     at EventEmitter.emit (events.js:110:17)
9 verbose stack     at ChildProcess.<anonymous> (/Users/cindybutler05082014/.nvm/versions/node/v0.12.18/lib/node_modules/npm/lib/utils/spawn.js:24:14)
9 verbose stack     at ChildProcess.emit (events.js:110:17)
9 verbose stack     at maybeClose (child_process.js:1019:16)
9 verbose stack     at Process.ChildProcess._handle.onexit (child_process.js:1091:5)
10 verbose pkgid create-react-redux-app-structure@4.0.0
11 verbose cwd /Users/cindybutler05082014/weather
12 error Darwin 17.5.0
13 error argv "/Users/cindybutler05082014/.nvm/versions/node/v0.12.18/bin/node" "/Users/cindybutler05082014/.nvm/versions/node/v0.12.18/bin/npm" "run" "fast-start"
14 error node v0.12.18
15 error npm  v2.15.11
16 error code ELIFECYCLE
17 error create-react-redux-app-structure@4.0.0 fast-start: `yarn install && webpack --mode=development && gulp prod && run-p server open-localhost`
17 error Exit status 1
18 error Failed at the create-react-redux-app-structure@4.0.0 fast-start script 'yarn install && webpack --mode=development && gulp prod && run-p server open-localhost'.
18 error This is most likely a problem with the create-react-redux-app-structure package,
18 error not with npm itself.
18 error Tell the author that this fails on your system:
18 error     yarn install && webpack --mode=development && gulp prod && run-p server open-localhost
18 error You can get information on how to open an issue for this project with:
18 error     npm bugs create-react-redux-app-structure
18 error Or if that isn't available, you can get their info via:
18 error
18 error     npm owner ls create-react-redux-app-structure
18 error There is likely additional logging output above.
19 verbose exit [ 1, true ]
